#
# There is insufficient memory for the Java Runtime Environment to continue.
# Native memory allocation (mmap) failed to map 1048576 bytes for Failed to commit area from 0x00000000cb500000 to 0x00000000cb600000 of length 1048576.
# Possible reasons:
#   The system is out of physical RAM or swap space
#   In 32 bit mode, the process size limit was hit
# Possible solutions:
#   Reduce memory load on the system
#   Increase physical memory or swap space
#   Check if swap backing store is full
#   Use 64 bit Java on a 64 bit OS
#   Decrease Java heap size (-Xmx/-Xms)
#   Decrease number of Java threads
#   Decrease Java thread stack sizes (-Xss)
#   Set larger code cache with -XX:ReservedCodeCacheSize=
# This output file may be truncated or incomplete.
#
#  Out of Memory Error (os_windows.cpp:3331), pid=12488, tid=0x0000000000003128
#
# JRE version: Java(TM) SE Runtime Environment (8.0_152-b16) (build 1.8.0_152-b16)
# Java VM: Java HotSpot(TM) 64-Bit Server VM (25.152-b16 mixed mode windows-amd64 compressed oops)
# Failed to write core dump. Minidumps are not enabled by default on client versions of Windows
#

---------------  T H R E A D  ---------------

Current thread (0x00000000199be800):  VMThread [stack: 0x000000001a8e0000,0x000000001a9e0000] [id=12584]

Stack: [0x000000001a8e0000,0x000000001a9e0000]
[error occurred during error reporting (printing stack bounds), id 0xc0000005]

Native frames: (J=compiled Java code, j=interpreted, Vv=VM code, C=native code)

VM_Operation (0x000000001e6ad9a0): G1IncCollectionPause, mode: safepoint, requested by thread 0x000000001a8aa800


---------------  P R O C E S S  ---------------

Java Threads: ( => current thread )
  0x0000000020bea000 JavaThread "Worker-5" [_thread_blocked, id=12716, stack(0x00000000240a0000,0x00000000241a0000)]
  0x000000001cb5e800 JavaThread "Bundle File Closer" daemon [_thread_blocked, id=13140, stack(0x000000001edc0000,0x000000001eec0000)]
  0x000000001cb5f000 JavaThread "Worker-3" [_thread_blocked, id=13136, stack(0x000000001ecc0000,0x000000001edc0000)]
  0x000000001bb6e000 JavaThread "pool-1-thread-1" [_thread_in_native, id=13128, stack(0x000000001e8b0000,0x000000001e9b0000)]
  0x000000001a8aa800 JavaThread "pool-2-thread-1" [_thread_blocked, id=13124, stack(0x000000001e5b0000,0x000000001e6b0000)]
  0x000000001ca86800 JavaThread "Java indexing" daemon [_thread_blocked, id=13116, stack(0x000000001e1b0000,0x000000001e2b0000)]
  0x000000001bc10800 JavaThread "Worker-JM" [_thread_blocked, id=13108, stack(0x000000001dab0000,0x000000001dbb0000)]
  0x000000001b846800 JavaThread "Start Level: Equinox Container: 46d7e53f-d081-439f-bbff-bc252f3174dd" daemon [_thread_blocked, id=13100, stack(0x000000001d5b0000,0x000000001d6b0000)]
  0x000000001b843800 JavaThread "Framework Event Dispatcher: Equinox Container: 46d7e53f-d081-439f-bbff-bc252f3174dd" daemon [_thread_blocked, id=13096, stack(0x000000001d4b0000,0x000000001d5b0000)]
  0x000000001b9af800 JavaThread "Active Thread: Equinox Container: 46d7e53f-d081-439f-bbff-bc252f3174dd" [_thread_blocked, id=13084, stack(0x000000001d3b0000,0x000000001d4b0000)]
  0x000000001a6bf000 JavaThread "Service Thread" daemon [_thread_blocked, id=12652, stack(0x000000001b2f0000,0x000000001b3f0000)]
  0x000000001a63e800 JavaThread "C1 CompilerThread2" daemon [_thread_blocked, id=12648, stack(0x000000001b1f0000,0x000000001b2f0000)]
  0x000000001a63c800 JavaThread "C2 CompilerThread1" daemon [_thread_blocked, id=12644, stack(0x000000001b0f0000,0x000000001b1f0000)]
  0x000000001a63b800 JavaThread "C2 CompilerThread0" daemon [_thread_blocked, id=12640, stack(0x000000001aff0000,0x000000001b0f0000)]
  0x000000001a637000 JavaThread "Attach Listener" daemon [_thread_blocked, id=12636, stack(0x000000001aef0000,0x000000001aff0000)]
  0x000000001a636800 JavaThread "Signal Dispatcher" daemon [_thread_blocked, id=12632, stack(0x000000001adf0000,0x000000001aef0000)]
  0x000000001a643000 JavaThread "Surrogate Locker Thread (Concurrent GC)" daemon [_thread_blocked, id=12628, stack(0x000000001acf0000,0x000000001adf0000)]
  0x000000001a5d5000 JavaThread "Finalizer" daemon [_thread_blocked, id=12592, stack(0x000000001aae0000,0x000000001abe0000)]
  0x000000001a5cd800 JavaThread "Reference Handler" daemon [_thread_blocked, id=12588, stack(0x000000001a9e0000,0x000000001aae0000)]
  0x00000000049a2800 JavaThread "main" [_thread_blocked, id=12532, stack(0x0000000004880000,0x0000000004980000)]

Other Threads:
=>0x00000000199be800 VMThread [stack: 0x000000001a8e0000,0x000000001a9e0000] [id=12584]
  0x000000001a6dc800 WatcherThread [stack: 0x000000001b3f0000,0x000000001b4f0000] [id=12668]

VM state:at safepoint (normal execution)

VM Mutex/Monitor currently owned by a thread:  ([mutex/lock_event])
[0x000000000499e320] FreeList_lock - owner thread: 0x00000000199be800
[0x00000000049a16d0] Threads_lock - owner thread: 0x00000000199be800
[0x00000000049a1cd0] Heap_lock - owner thread: 0x000000001a8aa800

Heap:
 garbage-first heap   total 186368K, used 139776K [0x00000000c0000000, 0x00000000c01005b0, 0x0000000100000000)
  region size 1024K, 61 young (62464K), 10 survivors (10240K)
 Metaspace       used 49991K, capacity 52692K, committed 52944K, reserved 1095680K
  class space    used 5238K, capacity 6135K, committed 6144K, reserved 1048576K

Heap Regions: (Y=young(eden), SU=young(survivor), HS=humongous(starts), HC=humongous(continues), CS=collection set, F=free, TS=gc time stamp, PTAMS=previous top-at-mark-start, NTAMS=next top-at-mark-start)
AC   0  O    TS     0 PTAMS 0x00000000c0100000 NTAMS 0x00000000c0100000 space 1024K, 100% used [0x00000000c0000000, 0x00000000c0100000)
AC   0  O    TS     0 PTAMS 0x00000000c0200000 NTAMS 0x00000000c0200000 space 1024K, 100% used [0x00000000c0100000, 0x00000000c0200000)
AC   0  O    TS     0 PTAMS 0x00000000c0300000 NTAMS 0x00000000c0300000 space 1024K, 100% used [0x00000000c0200000, 0x00000000c0300000)
AC   0  O    TS     0 PTAMS 0x00000000c0400000 NTAMS 0x00000000c0400000 space 1024K, 100% used [0x00000000c0300000, 0x00000000c0400000)
AC   0  O    TS     0 PTAMS 0x00000000c0500000 NTAMS 0x00000000c0500000 space 1024K, 100% used [0x00000000c0400000, 0x00000000c0500000)
AC   0  O    TS     0 PTAMS 0x00000000c0600000 NTAMS 0x00000000c0600000 space 1024K, 100% used [0x00000000c0500000, 0x00000000c0600000)
AC   0  O    TS     0 PTAMS 0x00000000c0700000 NTAMS 0x00000000c0700000 space 1024K, 100% used [0x00000000c0600000, 0x00000000c0700000)
AC   0  O    TS     0 PTAMS 0x00000000c0800000 NTAMS 0x00000000c0800000 space 1024K, 100% used [0x00000000c0700000, 0x00000000c0800000)
AC   0  O    TS     1 PTAMS 0x00000000c0800000 NTAMS 0x00000000c0900000 space 1024K, 100% used [0x00000000c0800000, 0x00000000c0900000)
AC   0  O    TS     1 PTAMS 0x00000000c0900000 NTAMS 0x00000000c0a00000 space 1024K, 100% used [0x00000000c0900000, 0x00000000c0a00000)
AC   0  O    TS     1 PTAMS 0x00000000c0a00000 NTAMS 0x00000000c0b00000 space 1024K, 100% used [0x00000000c0a00000, 0x00000000c0b00000)
AC   0  O    TS     1 PTAMS 0x00000000c0b00000 NTAMS 0x00000000c0c00000 space 1024K, 100% used [0x00000000c0b00000, 0x00000000c0c00000)
AC   0  O    TS     1 PTAMS 0x00000000c0c00000 NTAMS 0x00000000c0d00000 space 1024K, 100% used [0x00000000c0c00000, 0x00000000c0d00000)
AC   0  O    TS     1 PTAMS 0x00000000c0d00000 NTAMS 0x00000000c0e00000 space 1024K, 100% used [0x00000000c0d00000, 0x00000000c0e00000)
AC   0  O    TS     1 PTAMS 0x00000000c0e00000 NTAMS 0x00000000c0f00000 space 1024K, 100% used [0x00000000c0e00000, 0x00000000c0f00000)
AC   0  O    TS     3 PTAMS 0x00000000c0f00000 NTAMS 0x00000000c1000000 space 1024K, 100% used [0x00000000c0f00000, 0x00000000c1000000)
AC   0  O    TS     3 PTAMS 0x00000000c1000000 NTAMS 0x00000000c1100000 space 1024K, 100% used [0x00000000c1000000, 0x00000000c1100000)
AC   0  O    TS     0 PTAMS 0x00000000c1200000 NTAMS 0x00000000c1200000 space 1024K, 100% used [0x00000000c1100000, 0x00000000c1200000)
AC   0  O    TS     0 PTAMS 0x00000000c1300000 NTAMS 0x00000000c1300000 space 1024K, 100% used [0x00000000c1200000, 0x00000000c1300000)
AC   0  O    TS     0 PTAMS 0x00000000c1400000 NTAMS 0x00000000c1400000 space 1024K, 100% used [0x00000000c1300000, 0x00000000c1400000)
AC   0  O    TS     0 PTAMS 0x00000000c1500000 NTAMS 0x00000000c1500000 space 1024K, 100% used [0x00000000c1400000, 0x00000000c1500000)
AC   0  O    TS     0 PTAMS 0x00000000c1600000 NTAMS 0x00000000c1600000 space 1024K, 100% used [0x00000000c1500000, 0x00000000c1600000)
AC   0  O    TS     1 PTAMS 0x00000000c1680008 NTAMS 0x00000000c1700000 space 1024K, 100% used [0x00000000c1600000, 0x00000000c1700000)
AC   0  O    TS     3 PTAMS 0x00000000c1700000 NTAMS 0x00000000c1800000 space 1024K, 100% used [0x00000000c1700000, 0x00000000c1800000)
AC   0  O    TS     3 PTAMS 0x00000000c1800000 NTAMS 0x00000000c1900000 space 1024K, 100% used [0x00000000c1800000, 0x00000000c1900000)
AC   0  O    TS     3 PTAMS 0x00000000c1900000 NTAMS 0x00000000c1a00000 space 1024K, 100% used [0x00000000c1900000, 0x00000000c1a00000)
AC   0  O    TS     3 PTAMS 0x00000000c1a00000 NTAMS 0x00000000c1b00000 space 1024K, 100% used [0x00000000c1a00000, 0x00000000c1b00000)
AC   0  O    TS     3 PTAMS 0x00000000c1b00000 NTAMS 0x00000000c1c00000 space 1024K, 100% used [0x00000000c1b00000, 0x00000000c1c00000)
AC   0  O    TS     3 PTAMS 0x00000000c1c00000 NTAMS 0x00000000c1d00000 space 1024K, 100% used [0x00000000c1c00000, 0x00000000c1d00000)
AC   0  O    TS     3 PTAMS 0x00000000c1d00000 NTAMS 0x00000000c1e00000 space 1024K, 100% used [0x00000000c1d00000, 0x00000000c1e00000)
AC   0  O    TS     3 PTAMS 0x00000000c1e00000 NTAMS 0x00000000c1f00000 space 1024K, 100% used [0x00000000c1e00000, 0x00000000c1f00000)
AC   0  O    TS     3 PTAMS 0x00000000c1f00000 NTAMS 0x00000000c2000000 space 1024K, 100% used [0x00000000c1f00000, 0x00000000c2000000)
AC   0  O    TS     5 PTAMS 0x00000000c2000000 NTAMS 0x00000000c2100000 space 1024K, 100% used [0x00000000c2000000, 0x00000000c2100000)
AC   0 HS    TS     0 PTAMS 0x00000000c2100000 NTAMS 0x00000000c2180010 space 1024K,  50% used [0x00000000c2100000, 0x00000000c2200000)
AC   0  O    TS     5 PTAMS 0x00000000c2200000 NTAMS 0x00000000c2300000 space 1024K, 100% used [0x00000000c2200000, 0x00000000c2300000)
AC   0  O    TS     5 PTAMS 0x00000000c2300000 NTAMS 0x00000000c2400000 space 1024K, 100% used [0x00000000c2300000, 0x00000000c2400000)
AC   0  O    TS     7 PTAMS 0x00000000c2400000 NTAMS 0x00000000c2500000 space 1024K, 100% used [0x00000000c2400000, 0x00000000c2500000)
AC   0  O    TS     7 PTAMS 0x00000000c2500000 NTAMS 0x00000000c2600000 space 1024K, 100% used [0x00000000c2500000, 0x00000000c2600000)
AC   0  O    TS     7 PTAMS 0x00000000c2600000 NTAMS 0x00000000c2700000 space 1024K, 100% used [0x00000000c2600000, 0x00000000c2700000)
AC   0  O    TS     7 PTAMS 0x00000000c2700000 NTAMS 0x00000000c2800000 space 1024K, 100% used [0x00000000c2700000, 0x00000000c2800000)
AC   0  O    TS     7 PTAMS 0x00000000c2800000 NTAMS 0x00000000c2900000 space 1024K, 100% used [0x00000000c2800000, 0x00000000c2900000)
AC   0  O    TS     9 PTAMS 0x00000000c2900000 NTAMS 0x00000000c2a00000 space 1024K, 100% used [0x00000000c2900000, 0x00000000c2a00000)
AC   0  O    TS     9 PTAMS 0x00000000c2a00000 NTAMS 0x00000000c2b00000 space 1024K, 100% used [0x00000000c2a00000, 0x00000000c2b00000)
AC   0  O    TS     9 PTAMS 0x00000000c2b00000 NTAMS 0x00000000c2c00000 space 1024K, 100% used [0x00000000c2b00000, 0x00000000c2c00000)
AC   0  O    TS     9 PTAMS 0x00000000c2c00000 NTAMS 0x00000000c2d00000 space 1024K, 100% used [0x00000000c2c00000, 0x00000000c2d00000)
AC   0  O    TS     9 PTAMS 0x00000000c2d00000 NTAMS 0x00000000c2e00000 space 1024K, 100% used [0x00000000c2d00000, 0x00000000c2e00000)
AC   0  O    TS     9 PTAMS 0x00000000c2e00000 NTAMS 0x00000000c2f00000 space 1024K, 100% used [0x00000000c2e00000, 0x00000000c2f00000)
AC   0  O    TS     9 PTAMS 0x00000000c2f00000 NTAMS 0x00000000c3000000 space 1024K, 100% used [0x00000000c2f00000, 0x00000000c3000000)
AC   0  O    TS     9 PTAMS 0x00000000c3000000 NTAMS 0x00000000c3100000 space 1024K, 100% used [0x00000000c3000000, 0x00000000c3100000)
AC   0  O    TS     9 PTAMS 0x00000000c3100000 NTAMS 0x00000000c3200000 space 1024K, 100% used [0x00000000c3100000, 0x00000000c3200000)
AC   0  O    TS     9 PTAMS 0x00000000c3200000 NTAMS 0x00000000c3300000 space 1024K, 100% used [0x00000000c3200000, 0x00000000c3300000)
AC   0  O    TS     9 PTAMS 0x00000000c3300000 NTAMS 0x00000000c3400000 space 1024K, 100% used [0x00000000c3300000, 0x00000000c3400000)
AC   0  O    TS    11 PTAMS 0x00000000c3400000 NTAMS 0x00000000c3500000 space 1024K, 100% used [0x00000000c3400000, 0x00000000c3500000)
AC   0  O    TS    11 PTAMS 0x00000000c3500000 NTAMS 0x00000000c3600000 space 1024K, 100% used [0x00000000c3500000, 0x00000000c3600000)
AC   0  O    TS    11 PTAMS 0x00000000c3600000 NTAMS 0x00000000c3700000 space 1024K, 100% used [0x00000000c3600000, 0x00000000c3700000)
AC   0  O    TS    11 PTAMS 0x00000000c3700000 NTAMS 0x00000000c3800000 space 1024K, 100% used [0x00000000c3700000, 0x00000000c3800000)
AC   0  O    TS    11 PTAMS 0x00000000c3800000 NTAMS 0x00000000c3900000 space 1024K, 100% used [0x00000000c3800000, 0x00000000c3900000)
AC   0  O    TS    11 PTAMS 0x00000000c3900000 NTAMS 0x00000000c3a00000 space 1024K, 100% used [0x00000000c3900000, 0x00000000c3a00000)
AC   0  O    TS    11 PTAMS 0x00000000c3a00000 NTAMS 0x00000000c3b00000 space 1024K, 100% used [0x00000000c3a00000, 0x00000000c3b00000)
AC   0  O    TS    11 PTAMS 0x00000000c3b00000 NTAMS 0x00000000c3c00000 space 1024K, 100% used [0x00000000c3b00000, 0x00000000c3c00000)
AC   0  O    TS    13 PTAMS 0x00000000c3c00000 NTAMS 0x00000000c3d00000 space 1024K, 100% used [0x00000000c3c00000, 0x00000000c3d00000)
AC   0  O    TS    13 PTAMS 0x00000000c3d00000 NTAMS 0x00000000c3e00000 space 1024K, 100% used [0x00000000c3d00000, 0x00000000c3e00000)
AC   0  O    TS    13 PTAMS 0x00000000c3e00000 NTAMS 0x00000000c3f00000 space 1024K, 100% used [0x00000000c3e00000, 0x00000000c3f00000)
AC   0  O    TS    13 PTAMS 0x00000000c3f00000 NTAMS 0x00000000c4000000 space 1024K, 100% used [0x00000000c3f00000, 0x00000000c4000000)
AC   0  O    TS    13 PTAMS 0x00000000c4000000 NTAMS 0x00000000c4100000 space 1024K, 100% used [0x00000000c4000000, 0x00000000c4100000)
AC   0  O    TS    13 PTAMS 0x00000000c4100000 NTAMS 0x00000000c4200000 space 1024K, 100% used [0x00000000c4100000, 0x00000000c4200000)
AC   0  O    TS    11 PTAMS 0x00000000c4200000 NTAMS 0x00000000c4300000 space 1024K, 100% used [0x00000000c4200000, 0x00000000c4300000)
AC   0  O    TS    11 PTAMS 0x00000000c4300000 NTAMS 0x00000000c4400000 space 1024K, 100% used [0x00000000c4300000, 0x00000000c4400000)
AC   0  O    TS    13 PTAMS 0x00000000c4400000 NTAMS 0x00000000c4500000 space 1024K, 100% used [0x00000000c4400000, 0x00000000c4500000)
AC   0  O    TS    13 PTAMS 0x00000000c4500000 NTAMS 0x00000000c4600000 space 1024K, 100% used [0x00000000c4500000, 0x00000000c4600000)
AC   0  O    TS    13 PTAMS 0x00000000c4600000 NTAMS 0x00000000c4700000 space 1024K, 100% used [0x00000000c4600000, 0x00000000c4700000)
AC   0  O    TS    13 PTAMS 0x00000000c4700000 NTAMS 0x00000000c4800000 space 1024K, 100% used [0x00000000c4700000, 0x00000000c4800000)
AC   0  O    TS    13 PTAMS 0x00000000c4800000 NTAMS 0x00000000c4900000 space 1024K, 100% used [0x00000000c4800000, 0x00000000c4900000)
AC   0  O    TS    13 PTAMS 0x00000000c4900000 NTAMS 0x00000000c4a00000 space 1024K, 100% used [0x00000000c4900000, 0x00000000c4a00000)
AC   0  O    TS    13 PTAMS 0x00000000c4a00000 NTAMS 0x00000000c4b00000 space 1024K, 100% used [0x00000000c4a00000, 0x00000000c4b00000)
AC   0  O    TS    13 PTAMS 0x00000000c4b00000 NTAMS 0x00000000c4c00000 space 1024K, 100% used [0x00000000c4b00000, 0x00000000c4c00000)
AC   0  O    TS    15 PTAMS 0x00000000c4c00000 NTAMS 0x00000000c4d00000 space 1024K, 100% used [0x00000000c4c00000, 0x00000000c4d00000)
AC   0  O    TS    15 PTAMS 0x00000000c4d00000 NTAMS 0x00000000c4e00000 space 1024K, 100% used [0x00000000c4d00000, 0x00000000c4e00000)
AC   0  E CS TS    13 PTAMS 0x00000000c4e00000 NTAMS 0x00000000c4f00000 space 1024K, 100% used [0x00000000c4e00000, 0x00000000c4f00000)
AC   0  E CS TS    13 PTAMS 0x00000000c4f00000 NTAMS 0x00000000c5000000 space 1024K, 100% used [0x00000000c4f00000, 0x00000000c5000000)
AC   0  E CS TS    13 PTAMS 0x00000000c5000000 NTAMS 0x00000000c5100000 space 1024K, 100% used [0x00000000c5000000, 0x00000000c5100000)
AC   0  E CS TS    13 PTAMS 0x00000000c5100000 NTAMS 0x00000000c5200000 space 1024K, 100% used [0x00000000c5100000, 0x00000000c5200000)
AC   0  E CS TS    13 PTAMS 0x00000000c5200000 NTAMS 0x00000000c5300000 space 1024K, 100% used [0x00000000c5200000, 0x00000000c5300000)
AC   0  E CS TS    13 PTAMS 0x00000000c5300000 NTAMS 0x00000000c5400000 space 1024K, 100% used [0x00000000c5300000, 0x00000000c5400000)
AC   0  E CS TS    13 PTAMS 0x00000000c5400000 NTAMS 0x00000000c5500000 space 1024K, 100% used [0x00000000c5400000, 0x00000000c5500000)
AC   0  E CS TS    13 PTAMS 0x00000000c5500000 NTAMS 0x00000000c5600000 space 1024K, 100% used [0x00000000c5500000, 0x00000000c5600000)
AC   0  O    TS    15 PTAMS 0x00000000c5600000 NTAMS 0x00000000c5700000 space 1024K, 100% used [0x00000000c5600000, 0x00000000c5700000)
AC   0  O    TS    15 PTAMS 0x00000000c5700000 NTAMS 0x00000000c5800000 space 1024K, 100% used [0x00000000c5700000, 0x00000000c5800000)
AC   0  O    TS    15 PTAMS 0x00000000c5800000 NTAMS 0x00000000c5900000 space 1024K, 100% used [0x00000000c5800000, 0x00000000c5900000)
AC   0  O    TS    15 PTAMS 0x00000000c5900000 NTAMS 0x00000000c5a00000 space 1024K, 100% used [0x00000000c5900000, 0x00000000c5a00000)
AC   0  O    TS    15 PTAMS 0x00000000c5a00000 NTAMS 0x00000000c5b00000 space 1024K, 100% used [0x00000000c5a00000, 0x00000000c5b00000)
AC   0  O    TS    15 PTAMS 0x00000000c5b00000 NTAMS 0x00000000c5c00000 space 1024K, 100% used [0x00000000c5b00000, 0x00000000c5c00000)
AC   0  O    TS    15 PTAMS 0x00000000c5c00000 NTAMS 0x00000000c5d00000 space 1024K, 100% used [0x00000000c5c00000, 0x00000000c5d00000)
AC   0  O    TS    15 PTAMS 0x00000000c5d00000 NTAMS 0x00000000c5e00000 space 1024K, 100% used [0x00000000c5d00000, 0x00000000c5e00000)
AC   0  E CS TS    13 PTAMS 0x00000000c5e00000 NTAMS 0x00000000c5f00000 space 1024K, 100% used [0x00000000c5e00000, 0x00000000c5f00000)
AC   0  E CS TS    13 PTAMS 0x00000000c5f00000 NTAMS 0x00000000c6000000 space 1024K, 100% used [0x00000000c5f00000, 0x00000000c6000000)
AC   0  O    TS    15 PTAMS 0x00000000c6000000 NTAMS 0x00000000c6100000 space 1024K, 100% used [0x00000000c6000000, 0x00000000c6100000)
AC   0  O    TS    15 PTAMS 0x00000000c6100000 NTAMS 0x00000000c6200000 space 1024K, 100% used [0x00000000c6100000, 0x00000000c6200000)
AC   0  O    TS    15 PTAMS 0x00000000c6200000 NTAMS 0x00000000c6300000 space 1024K, 100% used [0x00000000c6200000, 0x00000000c6300000)
AC   0  O    TS    15 PTAMS 0x00000000c6300000 NTAMS 0x00000000c6400000 space 1024K, 100% used [0x00000000c6300000, 0x00000000c6400000)
AC   0  O    TS    15 PTAMS 0x00000000c6400000 NTAMS 0x00000000c6500000 space 1024K, 100% used [0x00000000c6400000, 0x00000000c6500000)
AC   0  O    TS    15 PTAMS 0x00000000c6500000 NTAMS 0x00000000c6600000 space 1024K, 100% used [0x00000000c6500000, 0x00000000c6600000)
AC   0  O    TS    15 PTAMS 0x00000000c6600000 NTAMS 0x00000000c6700000 space 1024K, 100% used [0x00000000c6600000, 0x00000000c6700000)
AC   0  O    TS    15 PTAMS 0x00000000c6700000 NTAMS 0x00000000c6800000 space 1024K, 100% used [0x00000000c6700000, 0x00000000c6800000)
AC   0  O    TS    15 PTAMS 0x00000000c6800000 NTAMS 0x00000000c6900000 space 1024K, 100% used [0x00000000c6800000, 0x00000000c6900000)
AC   0  S    TS    15 PTAMS 0x00000000c6900000 NTAMS 0x00000000c6900000 space 1024K, 100% used [0x00000000c6900000, 0x00000000c6a00000)
AC   0  S    TS    15 PTAMS 0x00000000c6a00000 NTAMS 0x00000000c6a00000 space 1024K, 100% used [0x00000000c6a00000, 0x00000000c6b00000)
AC   0  S    TS    15 PTAMS 0x00000000c6b00000 NTAMS 0x00000000c6b00000 space 1024K, 100% used [0x00000000c6b00000, 0x00000000c6c00000)
AC   0  S    TS    15 PTAMS 0x00000000c6c00000 NTAMS 0x00000000c6c00000 space 1024K, 100% used [0x00000000c6c00000, 0x00000000c6d00000)
AC   0  S    TS    15 PTAMS 0x00000000c6d00000 NTAMS 0x00000000c6d00000 space 1024K, 100% used [0x00000000c6d00000, 0x00000000c6e00000)
AC   0  S    TS    15 PTAMS 0x00000000c6e00000 NTAMS 0x00000000c6e00000 space 1024K, 100% used [0x00000000c6e00000, 0x00000000c6f00000)
AC   0  S    TS    15 PTAMS 0x00000000c6f00000 NTAMS 0x00000000c6f00000 space 1024K, 100% used [0x00000000c6f00000, 0x00000000c7000000)
AC   0  S    TS    15 PTAMS 0x00000000c7000000 NTAMS 0x00000000c7000000 space 1024K, 100% used [0x00000000c7000000, 0x00000000c7100000)
AC   0  E CS TS     0 PTAMS 0x00000000c7100000 NTAMS 0x00000000c7200000 space 1024K, 100% used [0x00000000c7100000, 0x00000000c7200000)
AC   0  E CS TS     0 PTAMS 0x00000000c7200000 NTAMS 0x00000000c7300000 space 1024K, 100% used [0x00000000c7200000, 0x00000000c7300000)
AC   0  E CS TS     0 PTAMS 0x00000000c7300000 NTAMS 0x00000000c7400000 space 1024K, 100% used [0x00000000c7300000, 0x00000000c7400000)
AC   0  E CS TS     0 PTAMS 0x00000000c7400000 NTAMS 0x00000000c7500000 space 1024K, 100% used [0x00000000c7400000, 0x00000000c7500000)
AC   0  E CS TS     0 PTAMS 0x00000000c7500000 NTAMS 0x00000000c7600000 space 1024K, 100% used [0x00000000c7500000, 0x00000000c7600000)
AC   0  E CS TS     0 PTAMS 0x00000000c7600000 NTAMS 0x00000000c7700000 space 1024K, 100% used [0x00000000c7600000, 0x00000000c7700000)
AC   0  E CS TS     0 PTAMS 0x00000000c7700000 NTAMS 0x00000000c7800000 space 1024K, 100% used [0x00000000c7700000, 0x00000000c7800000)
AC   0  E CS TS     0 PTAMS 0x00000000c7800000 NTAMS 0x00000000c7900000 space 1024K, 100% used [0x00000000c7800000, 0x00000000c7900000)
AC   0  E CS TS     0 PTAMS 0x00000000c7900000 NTAMS 0x00000000c7a00000 space 1024K, 100% used [0x00000000c7900000, 0x00000000c7a00000)
AC   0  E CS TS     0 PTAMS 0x00000000c7a00000 NTAMS 0x00000000c7b00000 space 1024K, 100% used [0x00000000c7a00000, 0x00000000c7b00000)
AC   0  E CS TS     0 PTAMS 0x00000000c7b00000 NTAMS 0x00000000c7c00000 space 1024K, 100% used [0x00000000c7b00000, 0x00000000c7c00000)
AC   0  E CS TS     0 PTAMS 0x00000000c7c00000 NTAMS 0x00000000c7d00000 space 1024K, 100% used [0x00000000c7c00000, 0x00000000c7d00000)
AC   0  E CS TS     0 PTAMS 0x00000000c7d00000 NTAMS 0x00000000c7e00000 space 1024K, 100% used [0x00000000c7d00000, 0x00000000c7e00000)
AC   0  E CS TS     0 PTAMS 0x00000000c7e00000 NTAMS 0x00000000c7f00000 space 1024K, 100% used [0x00000000c7e00000, 0x00000000c7f00000)
AC   0  E CS TS     0 PTAMS 0x00000000c7f00000 NTAMS 0x00000000c8000000 space 1024K, 100% used [0x00000000c7f00000, 0x00000000c8000000)
AC   0  E CS TS     0 PTAMS 0x00000000c8000000 NTAMS 0x00000000c8100000 space 1024K, 100% used [0x00000000c8000000, 0x00000000c8100000)
AC   0  E CS TS     0 PTAMS 0x00000000c8100000 NTAMS 0x00000000c8200000 space 1024K, 100% used [0x00000000c8100000, 0x00000000c8200000)
AC   0  E CS TS     0 PTAMS 0x00000000c8200000 NTAMS 0x00000000c8300000 space 1024K, 100% used [0x00000000c8200000, 0x00000000c8300000)
AC   0  E CS TS     0 PTAMS 0x00000000c8300000 NTAMS 0x00000000c8400000 space 1024K, 100% used [0x00000000c8300000, 0x00000000c8400000)
AC   0  E CS TS     0 PTAMS 0x00000000c8400000 NTAMS 0x00000000c8500000 space 1024K, 100% used [0x00000000c8400000, 0x00000000c8500000)
AC   0  E CS TS     0 PTAMS 0x00000000c8500000 NTAMS 0x00000000c8600000 space 1024K, 100% used [0x00000000c8500000, 0x00000000c8600000)
AC   0  E CS TS     0 PTAMS 0x00000000c8600000 NTAMS 0x00000000c8700000 space 1024K, 100% used [0x00000000c8600000, 0x00000000c8700000)
AC   0  E CS TS     0 PTAMS 0x00000000c8700000 NTAMS 0x00000000c8800000 space 1024K, 100% used [0x00000000c8700000, 0x00000000c8800000)
AC   0  E CS TS     0 PTAMS 0x00000000c8800000 NTAMS 0x00000000c8900000 space 1024K, 100% used [0x00000000c8800000, 0x00000000c8900000)
AC   0  E CS TS     0 PTAMS 0x00000000c8900000 NTAMS 0x00000000c8a00000 space 1024K, 100% used [0x00000000c8900000, 0x00000000c8a00000)
AC   0  E CS TS     0 PTAMS 0x00000000c8a00000 NTAMS 0x00000000c8b00000 space 1024K, 100% used [0x00000000c8a00000, 0x00000000c8b00000)
AC   0  E CS TS     0 PTAMS 0x00000000c8b00000 NTAMS 0x00000000c8c00000 space 1024K, 100% used [0x00000000c8b00000, 0x00000000c8c00000)
AC   0  E CS TS     0 PTAMS 0x00000000c8c00000 NTAMS 0x00000000c8d00000 space 1024K, 100% used [0x00000000c8c00000, 0x00000000c8d00000)
AC   0  E CS TS     0 PTAMS 0x00000000c8d00000 NTAMS 0x00000000c8e00000 space 1024K, 100% used [0x00000000c8d00000, 0x00000000c8e00000)
AC   0  E CS TS     0 PTAMS 0x00000000c8e00000 NTAMS 0x00000000c8f00000 space 1024K, 100% used [0x00000000c8e00000, 0x00000000c8f00000)
AC   0  E CS TS     0 PTAMS 0x00000000c8f00000 NTAMS 0x00000000c9000000 space 1024K, 100% used [0x00000000c8f00000, 0x00000000c9000000)
AC   0  E CS TS     0 PTAMS 0x00000000c9000000 NTAMS 0x00000000c9100000 space 1024K, 100% used [0x00000000c9000000, 0x00000000c9100000)
AC   0  E CS TS     0 PTAMS 0x00000000c9100000 NTAMS 0x00000000c9200000 space 1024K, 100% used [0x00000000c9100000, 0x00000000c9200000)
AC   0  E CS TS     0 PTAMS 0x00000000c9200000 NTAMS 0x00000000c9300000 space 1024K, 100% used [0x00000000c9200000, 0x00000000c9300000)
AC   0  E CS TS     0 PTAMS 0x00000000c9300000 NTAMS 0x00000000c9400000 space 1024K, 100% used [0x00000000c9300000, 0x00000000c9400000)
AC   0  E CS TS     0 PTAMS 0x00000000c9400000 NTAMS 0x00000000c9500000 space 1024K, 100% used [0x00000000c9400000, 0x00000000c9500000)
AC   0  E CS TS     0 PTAMS 0x00000000c9500000 NTAMS 0x00000000c9600000 space 1024K, 100% used [0x00000000c9500000, 0x00000000c9600000)
AC   0  E CS TS     0 PTAMS 0x00000000c9600000 NTAMS 0x00000000c9700000 space 1024K, 100% used [0x00000000c9600000, 0x00000000c9700000)
AC   0  E CS TS     0 PTAMS 0x00000000c9700000 NTAMS 0x00000000c9800000 space 1024K, 100% used [0x00000000c9700000, 0x00000000c9800000)
AC   0  E CS TS     0 PTAMS 0x00000000c9800000 NTAMS 0x00000000c9900000 space 1024K, 100% used [0x00000000c9800000, 0x00000000c9900000)
AC   0  E CS TS     0 PTAMS 0x00000000c9900000 NTAMS 0x00000000c9a00000 space 1024K, 100% used [0x00000000c9900000, 0x00000000c9a00000)
AC   0  E CS TS     0 PTAMS 0x00000000c9a00000 NTAMS 0x00000000c9b00000 space 1024K, 100% used [0x00000000c9a00000, 0x00000000c9b00000)
AC   0  E CS TS     0 PTAMS 0x00000000c9b00000 NTAMS 0x00000000c9c00000 space 1024K, 100% used [0x00000000c9b00000, 0x00000000c9c00000)
AC   0  E CS TS     0 PTAMS 0x00000000c9c00000 NTAMS 0x00000000c9d00000 space 1024K, 100% used [0x00000000c9c00000, 0x00000000c9d00000)
AC   0  E CS TS     0 PTAMS 0x00000000c9d00000 NTAMS 0x00000000c9e00000 space 1024K, 100% used [0x00000000c9d00000, 0x00000000c9e00000)
AC   0  E CS TS     0 PTAMS 0x00000000c9e00000 NTAMS 0x00000000c9f00000 space 1024K, 100% used [0x00000000c9e00000, 0x00000000c9f00000)
AC   0  E CS TS     0 PTAMS 0x00000000c9f00000 NTAMS 0x00000000ca000000 space 1024K, 100% used [0x00000000c9f00000, 0x00000000ca000000)
AC   0  E CS TS     0 PTAMS 0x00000000ca000000 NTAMS 0x00000000ca100000 space 1024K, 100% used [0x00000000ca000000, 0x00000000ca100000)
AC   0  E CS TS     0 PTAMS 0x00000000ca100000 NTAMS 0x00000000ca200000 space 1024K, 100% used [0x00000000ca100000, 0x00000000ca200000)
AC   0  E CS TS     0 PTAMS 0x00000000ca200000 NTAMS 0x00000000ca300000 space 1024K, 100% used [0x00000000ca200000, 0x00000000ca300000)
AC   0  E CS TS     0 PTAMS 0x00000000ca300000 NTAMS 0x00000000ca400000 space 1024K, 100% used [0x00000000ca300000, 0x00000000ca400000)
AC   0  O    TS    15 PTAMS 0x00000000ca400000 NTAMS 0x00000000ca500000 space 1024K, 100% used [0x00000000ca400000, 0x00000000ca500000)
AC   0  O    TS    15 PTAMS 0x00000000ca500000 NTAMS 0x00000000ca600000 space 1024K, 100% used [0x00000000ca500000, 0x00000000ca600000)
AC   0  O    TS    15 PTAMS 0x00000000ca600000 NTAMS 0x00000000ca700000 space 1024K, 100% used [0x00000000ca600000, 0x00000000ca700000)
AC   0  O    TS    15 PTAMS 0x00000000ca700000 NTAMS 0x00000000ca800000 space 1024K, 100% used [0x00000000ca700000, 0x00000000ca800000)
AC   0  O    TS    15 PTAMS 0x00000000ca800000 NTAMS 0x00000000ca900000 space 1024K, 100% used [0x00000000ca800000, 0x00000000ca900000)
AC   0  O    TS    15 PTAMS 0x00000000ca900000 NTAMS 0x00000000caa00000 space 1024K, 100% used [0x00000000ca900000, 0x00000000caa00000)
AC   0  O    TS    15 PTAMS 0x00000000caa00000 NTAMS 0x00000000cab00000 space 1024K, 100% used [0x00000000caa00000, 0x00000000cab00000)
AC   0  O    TS    15 PTAMS 0x00000000cab00000 NTAMS 0x00000000cac00000 space 1024K, 100% used [0x00000000cab00000, 0x00000000cac00000)
AC   0  O    TS    15 PTAMS 0x00000000cac00000 NTAMS 0x00000000cad00000 space 1024K, 100% used [0x00000000cac00000, 0x00000000cad00000)
AC   0  O    TS    15 PTAMS 0x00000000cad00000 NTAMS 0x00000000cae00000 space 1024K, 100% used [0x00000000cad00000, 0x00000000cae00000)
AC   0  O    TS    15 PTAMS 0x00000000cae00000 NTAMS 0x00000000caf00000 space 1024K, 100% used [0x00000000cae00000, 0x00000000caf00000)
AC   0  O    TS    15 PTAMS 0x00000000caf00000 NTAMS 0x00000000cb000000 space 1024K, 100% used [0x00000000caf00000, 0x00000000cb000000)
AC   0  O    TS    15 PTAMS 0x00000000cb000000 NTAMS 0x00000000cb100000 space 1024K, 100% used [0x00000000cb000000, 0x00000000cb100000)
AC   0  O    TS    15 PTAMS 0x00000000cb100000 NTAMS 0x00000000cb200000 space 1024K, 100% used [0x00000000cb100000, 0x00000000cb200000)
AC   0  O    TS    15 PTAMS 0x00000000cb200000 NTAMS 0x00000000cb300000 space 1024K, 100% used [0x00000000cb200000, 0x00000000cb300000)
AC   0  O    TS    15 PTAMS 0x00000000cb300000 NTAMS 0x00000000cb400000 space 1024K, 100% used [0x00000000cb300000, 0x00000000cb400000)
AC   0  O    TS    15 PTAMS 0x00000000cb400000 NTAMS 0x00000000cb500000 space 1024K, 100% used [0x00000000cb400000, 0x00000000cb500000)

Card table byte_map: [0x0000000014fa0000,0x00000000151a0000] byte_map_base: 0x00000000149a0000

Marking Bits (Prev, Next): (CMBitMap*) 0x00000000049d9338, (CMBitMap*) 0x00000000049d9390
 Prev Bits: [0x00000000153a0000, 0x00000000163a0000)
 Next Bits: [0x00000000163a0000, 0x00000000173a0000)

Polling page: 0x0000000002f00000

CodeCache: size=245760Kb used=22770Kb max_used=22777Kb free=222989Kb
 bounds [0x0000000004aa0000, 0x0000000006110000, 0x0000000013aa0000]
 total_blobs=6710 nmethods=6120 adapters=501
 compilation: enabled

Compilation events (10 events):
Event: 5012.281 Thread 0x000000001a63b800 7229       4       java.lang.AbstractStringBuilder::append (70 bytes)
Event: 5012.288 Thread 0x000000001a63b800 nmethod 7229 0x00000000058d0350 code [0x00000000058d04a0, 0x00000000058d0a68]
Event: 5521.243 Thread 0x000000001a63c800 7230       4       org.eclipse.osgi.container.ModuleDatabase::readLock (11 bytes)
Event: 5521.244 Thread 0x000000001a63c800 nmethod 7230 0x00000000060dd410 code [0x00000000060dd560, 0x00000000060dd628]
Event: 5690.713 Thread 0x000000001a63c800 7231       4       java.io.FileInputStream::<init> (69 bytes)
Event: 5690.718 Thread 0x000000001a63c800 nmethod 7231 0x00000000059b4dd0 code [0x00000000059b4f20, 0x00000000059b55f8]
Event: 5721.779 Thread 0x000000001a63e800 7232   !   3       org.eclipse.core.internal.jobs.LockManager::removeLockThread (53 bytes)
Event: 5721.780 Thread 0x000000001a63e800 nmethod 7232 0x0000000005b6de10 code [0x0000000005b6dfe0, 0x0000000005b6e658]
Event: 6921.884 Thread 0x000000001a63e800 7233       3       java.lang.Thread::checkAccess (14 bytes)
Event: 6921.885 Thread 0x000000001a63e800 nmethod 7233 0x0000000005b6d4d0 code [0x0000000005b6d680, 0x0000000005b6dc38]

GC Heap History (10 events):
Event: 33.469 GC heap after
Heap after GC invocations=11 (full 0):
 garbage-first heap   total 167936K, used 49664K [0x00000000c0000000, 0x00000000c0100520, 0x0000000100000000)
  region size 1024K, 13 young (13312K), 13 survivors (13312K)
 Metaspace       used 45747K, capacity 48112K, committed 48464K, reserved 1091584K
  class space    used 4866K, capacity 5666K, committed 5760K, reserved 1048576K
}
Event: 33.745 GC heap before
{Heap before GC invocations=11 (full 0):
 garbage-first heap   total 167936K, used 136704K [0x00000000c0000000, 0x00000000c0100520, 0x0000000100000000)
  region size 1024K, 98 young (100352K), 13 survivors (13312K)
 Metaspace       used 46287K, capacity 48726K, committed 48976K, reserved 1093632K
  class space    used 4913K, capacity 5699K, committed 5760K, reserved 1048576K
Event: 33.764 GC heap after
Heap after GC invocations=12 (full 0):
 garbage-first heap   total 167936K, used 55296K [0x00000000c0000000, 0x00000000c0100520, 0x0000000100000000)
  region size 1024K, 13 young (13312K), 13 survivors (13312K)
 Metaspace       used 46287K, capacity 48726K, committed 48976K, reserved 1093632K
  class space    used 4913K, capacity 5699K, committed 5760K, reserved 1048576K
}
Event: 34.357 GC heap before
{Heap before GC invocations=12 (full 0):
 garbage-first heap   total 167936K, used 136192K [0x00000000c0000000, 0x00000000c0100520, 0x0000000100000000)
  region size 1024K, 92 young (94208K), 13 survivors (13312K)
 Metaspace       used 48646K, capacity 51262K, committed 51536K, reserved 1095680K
  class space    used 5142K, capacity 5984K, committed 6016K, reserved 1048576K
Event: 34.380 GC heap after
Heap after GC invocations=13 (full 0):
 garbage-first heap   total 167936K, used 65536K [0x00000000c0000000, 0x00000000c0100520, 0x0000000100000000)
  region size 1024K, 12 young (12288K), 12 survivors (12288K)
 Metaspace       used 48646K, capacity 51262K, committed 51536K, reserved 1095680K
  class space    used 5142K, capacity 5984K, committed 6016K, reserved 1048576K
}
Event: 34.784 GC heap before
{Heap before GC invocations=13 (full 0):
 garbage-first heap   total 167936K, used 137216K [0x00000000c0000000, 0x00000000c0100520, 0x0000000100000000)
  region size 1024K, 82 young (83968K), 12 survivors (12288K)
 Metaspace       used 48935K, capacity 51656K, committed 51920K, reserved 1095680K
  class space    used 5161K, capacity 6029K, committed 6144K, reserved 1048576K
Event: 34.802 GC heap after
Heap after GC invocations=14 (full 0):
 garbage-first heap   total 167936K, used 70656K [0x00000000c0000000, 0x00000000c0100520, 0x0000000100000000)
  region size 1024K, 8 young (8192K), 8 survivors (8192K)
 Metaspace       used 48935K, capacity 51656K, committed 51920K, reserved 1095680K
  class space    used 5161K, capacity 6029K, committed 6144K, reserved 1048576K
}
Event: 1421.868 GC heap before
{Heap before GC invocations=14 (full 0):
 garbage-first heap   total 167936K, used 140288K [0x00000000c0000000, 0x00000000c0100520, 0x0000000100000000)
  region size 1024K, 76 young (77824K), 8 survivors (8192K)
 Metaspace       used 49979K, capacity 52628K, committed 52688K, reserved 1095680K
  class space    used 5238K, capacity 6135K, committed 6144K, reserved 1048576K
Event: 1421.888 GC heap after
Heap after GC invocations=15 (full 0):
 garbage-first heap   total 167936K, used 87552K [0x00000000c0000000, 0x00000000c0100520, 0x0000000100000000)
  region size 1024K, 10 young (10240K), 10 survivors (10240K)
 Metaspace       used 49979K, capacity 52628K, committed 52688K, reserved 1095680K
  class space    used 5238K, capacity 6135K, committed 6144K, reserved 1048576K
}
Event: 7219.650 GC heap before
{Heap before GC invocations=15 (full 0):
 garbage-first heap   total 167936K, used 139776K [0x00000000c0000000, 0x00000000c0100520, 0x0000000100000000)
  region size 1024K, 61 young (62464K), 10 survivors (10240K)
 Metaspace       used 49991K, capacity 52692K, committed 52944K, reserved 1095680K
  class space    used 5238K, capacity 6135K, committed 6144K, reserved 1048576K

Deoptimization events (10 events):
Event: 34.903 Thread 0x000000001bc98800 Uncommon trap: reason=class_check action=maybe_recompile pc=0x000000000509ef00 method=java.util.Collections.eq(Ljava/lang/Object;Ljava/lang/Object;)Z @ 18
Event: 97.635 Thread 0x000000001bb6e000 Uncommon trap: reason=class_check action=maybe_recompile pc=0x0000000005ff9e54 method=org.eclipse.jdt.internal.compiler.parser.Parser.consumeRule(I)V @ 4026
Event: 97.635 Thread 0x000000001bb6e000 Uncommon trap: reason=class_check action=maybe_recompile pc=0x0000000005ff9e54 method=org.eclipse.jdt.internal.compiler.parser.Parser.consumeRule(I)V @ 4026
Event: 97.635 Thread 0x000000001bb6e000 Uncommon trap: reason=class_check action=maybe_recompile pc=0x0000000005ff9e54 method=org.eclipse.jdt.internal.compiler.parser.Parser.consumeRule(I)V @ 4026
Event: 97.635 Thread 0x000000001bb6e000 Uncommon trap: reason=class_check action=maybe_recompile pc=0x0000000005ff9e54 method=org.eclipse.jdt.internal.compiler.parser.Parser.consumeRule(I)V @ 4026
Event: 98.037 Thread 0x000000001cb5f000 Uncommon trap: reason=unstable_if action=reinterpret pc=0x0000000006019760 method=org.eclipse.jdt.internal.compiler.lookup.BinaryTypeBinding.createMethod(Lorg/eclipse/jdt/internal/compiler/env/IBinaryMethod;Lorg/eclipse/jdt/internal/compiler/env/IBinaryTy
Event: 323.042 Thread 0x000000001cb5f000 Uncommon trap: reason=bimorphic action=maybe_recompile pc=0x0000000004cbe6fc method=java.io.DataOutputStream.writeInt(I)V @ 12
Event: 323.042 Thread 0x000000001cb5f000 Uncommon trap: reason=bimorphic action=maybe_recompile pc=0x0000000004cbe6fc method=java.io.DataOutputStream.writeInt(I)V @ 12
Event: 323.043 Thread 0x000000001cb5f000 Uncommon trap: reason=bimorphic action=maybe_recompile pc=0x0000000004cbe6fc method=java.io.DataOutputStream.writeInt(I)V @ 12
Event: 323.043 Thread 0x000000001cb5f000 Uncommon trap: reason=bimorphic action=maybe_recompile pc=0x0000000004cbe6fc method=java.io.DataOutputStream.writeInt(I)V @ 12

Classes redefined (0 events):
No events

Internal exceptions (10 events):
Event: 98.066 Thread 0x000000001cb5f000 Exception <a 'java/lang/ArrayIndexOutOfBoundsException'> (0x00000000c6fb7e90) thrown at [C:\re\workspace\8-2-build-windows-amd64-cygwin\jdk8u152\9742\hotspot\src\share\vm\runtime\sharedRuntime.cpp, line 605]
Event: 98.071 Thread 0x000000001cb5f000 Exception <a 'java/lang/ArrayIndexOutOfBoundsException'> (0x00000000c6fff460) thrown at [C:\re\workspace\8-2-build-windows-amd64-cygwin\jdk8u152\9742\hotspot\src\share\vm\runtime\sharedRuntime.cpp, line 605]
Event: 98.080 Thread 0x000000001cb5f000 Exception <a 'java/lang/ArrayIndexOutOfBoundsException'> (0x00000000c6e5e058) thrown at [C:\re\workspace\8-2-build-windows-amd64-cygwin\jdk8u152\9742\hotspot\src\share\vm\runtime\sharedRuntime.cpp, line 605]
Event: 98.082 Thread 0x000000001cb5f000 Exception <a 'java/lang/ArrayIndexOutOfBoundsException'> (0x00000000c6e741a8) thrown at [C:\re\workspace\8-2-build-windows-amd64-cygwin\jdk8u152\9742\hotspot\src\share\vm\runtime\sharedRuntime.cpp, line 605]
Event: 98.082 Thread 0x000000001cb5f000 Exception <a 'java/lang/ArrayIndexOutOfBoundsException'> (0x00000000c6e74658) thrown at [C:\re\workspace\8-2-build-windows-amd64-cygwin\jdk8u152\9742\hotspot\src\share\vm\runtime\sharedRuntime.cpp, line 605]
Event: 98.082 Thread 0x000000001cb5f000 Exception <a 'java/lang/ArrayIndexOutOfBoundsException'> (0x00000000c6e74ad8) thrown at [C:\re\workspace\8-2-build-windows-amd64-cygwin\jdk8u152\9742\hotspot\src\share\vm\runtime\sharedRuntime.cpp, line 605]
Event: 98.086 Thread 0x000000001cb5f000 Exception <a 'java/lang/ArrayIndexOutOfBoundsException'> (0x00000000c6ea6310) thrown at [C:\re\workspace\8-2-build-windows-amd64-cygwin\jdk8u152\9742\hotspot\src\share\vm\runtime\sharedRuntime.cpp, line 605]
Event: 98.088 Thread 0x000000001cb5f000 Exception <a 'java/lang/ArrayIndexOutOfBoundsException'> (0x00000000c6ebc418) thrown at [C:\re\workspace\8-2-build-windows-amd64-cygwin\jdk8u152\9742\hotspot\src\share\vm\runtime\sharedRuntime.cpp, line 605]
Event: 98.088 Thread 0x000000001cb5f000 Exception <a 'java/lang/ArrayIndexOutOfBoundsException'> (0x00000000c6ebc8c8) thrown at [C:\re\workspace\8-2-build-windows-amd64-cygwin\jdk8u152\9742\hotspot\src\share\vm\runtime\sharedRuntime.cpp, line 605]
Event: 98.088 Thread 0x000000001cb5f000 Exception <a 'java/lang/ArrayIndexOutOfBoundsException'> (0x00000000c6ebcd48) thrown at [C:\re\workspace\8-2-build-windows-amd64-cygwin\jdk8u152\9742\hotspot\src\share\vm\runtime\sharedRuntime.cpp, line 605]

Events (10 events):
Event: 2130.136 Thread 0x000000001a63c800 flushing nmethod 0x00000000057c5850
Event: 2229.501 Thread 0x000000001a63b800 flushing nmethod 0x00000000058d04d0
Event: 2229.501 Thread 0x000000001a63b800 flushing nmethod 0x00000000059a3d90
Event: 2229.501 Thread 0x000000001a63b800 flushing nmethod 0x00000000059b4dd0
Event: 2361.373 Thread 0x000000001a63e800 flushing nmethod 0x0000000005ab7990
Event: 2361.373 Thread 0x000000001a63e800 flushing nmethod 0x0000000005b3a310
Event: 2361.373 Thread 0x000000001a63e800 flushing nmethod 0x0000000005b4d4d0
Event: 2361.373 Thread 0x000000001a63e800 flushing nmethod 0x0000000005b6cc50
Event: 2421.419 Thread 0x000000001a63e800 flushing nmethod 0x0000000005e5c990
Event: 7219.650 Executing VM operation: G1IncCollectionPause


Dynamic libraries:
0x00007ff6c38b0000 - 0x00007ff6c38e7000 	C:\Program Files\Java\jdk1.8.0_152\bin\java.exe
0x00007ffe14100000 - 0x00007ffe142e0000 	C:\Windows\SYSTEM32\ntdll.dll
0x00007ffe134f0000 - 0x00007ffe1359e000 	C:\Windows\System32\KERNEL32.DLL
0x00007ffe112c0000 - 0x00007ffe11526000 	C:\Windows\System32\KERNELBASE.dll
0x00007ffe13d40000 - 0x00007ffe13de1000 	C:\Windows\System32\ADVAPI32.dll
0x00007ffe11c80000 - 0x00007ffe11d1d000 	C:\Windows\System32\msvcrt.dll
0x00007ffe11990000 - 0x00007ffe119eb000 	C:\Windows\System32\sechost.dll
0x00007ffe135a0000 - 0x00007ffe136bf000 	C:\Windows\System32\RPCRT4.dll
0x00007ffe13df0000 - 0x00007ffe13f7f000 	C:\Windows\System32\USER32.dll
0x00007ffe10940000 - 0x00007ffe10960000 	C:\Windows\System32\win32u.dll
0x00007ffe13d10000 - 0x00007ffe13d38000 	C:\Windows\System32\GDI32.dll
0x00007ffe10580000 - 0x00007ffe10713000 	C:\Windows\System32\gdi32full.dll
0x00007ffe11530000 - 0x00007ffe115cb000 	C:\Windows\System32\msvcp_win.dll
0x00007ffe11110000 - 0x00007ffe11206000 	C:\Windows\System32\ucrtbase.dll
0x00007ffe016a0000 - 0x00007ffe01909000 	C:\Windows\WinSxS\amd64_microsoft.windows.common-controls_6595b64144ccf1df_6.0.16299.248_none_15ced204935f55d7\COMCTL32.dll
0x00007ffe11680000 - 0x00007ffe11988000 	C:\Windows\System32\combase.dll
0x00007ffe10500000 - 0x00007ffe10572000 	C:\Windows\System32\bcryptPrimitives.dll
0x00007ffe132f0000 - 0x00007ffe1331d000 	C:\Windows\System32\IMM32.DLL
0x00000000607d0000 - 0x00000000608a2000 	C:\Program Files\Java\jdk1.8.0_152\jre\bin\msvcr100.dll
0x000000005ff30000 - 0x00000000607d0000 	C:\Program Files\Java\jdk1.8.0_152\jre\bin\server\jvm.dll
0x00007ffe11670000 - 0x00007ffe11678000 	C:\Windows\System32\PSAPI.DLL
0x00007ffe03a40000 - 0x00007ffe03a4a000 	C:\Windows\SYSTEM32\VERSION.dll
0x00007ffe0e880000 - 0x00007ffe0e8a3000 	C:\Windows\SYSTEM32\WINMM.dll
0x00007ffe01910000 - 0x00007ffe01919000 	C:\Windows\SYSTEM32\WSOCK32.dll
0x00007ffe136d0000 - 0x00007ffe1373c000 	C:\Windows\System32\WS2_32.dll
0x00007ffe0e850000 - 0x00007ffe0e87a000 	C:\Windows\SYSTEM32\WINMMBASE.dll
0x00007ffe10720000 - 0x00007ffe1076a000 	C:\Windows\System32\cfgmgr32.dll
0x000000005ff20000 - 0x000000005ff2f000 	C:\Program Files\Java\jdk1.8.0_152\jre\bin\verify.dll
0x000000005fef0000 - 0x000000005ff19000 	C:\Program Files\Java\jdk1.8.0_152\jre\bin\java.dll
0x000000005fed0000 - 0x000000005fee6000 	C:\Program Files\Java\jdk1.8.0_152\jre\bin\zip.dll
0x00007ffe11d80000 - 0x00007ffe131b6000 	C:\Windows\System32\SHELL32.dll
0x00007ffe131c0000 - 0x00007ffe13266000 	C:\Windows\System32\shcore.dll
0x00007ffe10960000 - 0x00007ffe110a7000 	C:\Windows\System32\windows.storage.dll
0x00007ffe13490000 - 0x00007ffe134e1000 	C:\Windows\System32\shlwapi.dll
0x00007ffe104c0000 - 0x00007ffe104d1000 	C:\Windows\System32\kernel.appcore.dll
0x00007ffe10470000 - 0x00007ffe104bc000 	C:\Windows\System32\powrprof.dll
0x00007ffe104e0000 - 0x00007ffe104fb000 	C:\Windows\System32\profapi.dll
0x00007ffe0feb0000 - 0x00007ffe0fec7000 	C:\Windows\SYSTEM32\CRYPTSP.dll
0x00007ffe0f8f0000 - 0x00007ffe0f923000 	C:\Windows\system32\rsaenh.dll
0x00007ffe0ffb0000 - 0x00007ffe0ffd5000 	C:\Windows\SYSTEM32\bcrypt.dll
0x00007ffe10350000 - 0x00007ffe10379000 	C:\Windows\SYSTEM32\USERENV.dll
0x00007ffe0fea0000 - 0x00007ffe0feab000 	C:\Windows\SYSTEM32\CRYPTBASE.dll
0x000000005feb0000 - 0x000000005feca000 	C:\Program Files\Java\jdk1.8.0_152\jre\bin\net.dll
0x00007ffe0fce0000 - 0x00007ffe0fd46000 	C:\Windows\system32\mswsock.dll
0x00007ffe0fa70000 - 0x00007ffe0faa9000 	C:\Windows\SYSTEM32\IPHLPAPI.DLL
0x00007ffe136c0000 - 0x00007ffe136c8000 	C:\Windows\System32\NSI.dll
0x00007ffe06110000 - 0x00007ffe06126000 	C:\Windows\SYSTEM32\dhcpcsvc6.DLL
0x00007ffe09750000 - 0x00007ffe0976a000 	C:\Windows\SYSTEM32\dhcpcsvc.DLL
0x000000005fe90000 - 0x000000005fea1000 	C:\Program Files\Java\jdk1.8.0_152\jre\bin\nio.dll
0x0000000072000000 - 0x0000000072028000 	C:\Users\hriqu\.vscode\extensions\redhat.java-0.19.0\server\config_win\org.eclipse.equinox.launcher\org.eclipse.equinox.launcher.win32.win32.x86_64_1.1.700.v20180124-1426\eclipse_1702.dll
0x00007ffe032d0000 - 0x00007ffe032e1000 	C:\Users\hriqu\.vscode\extensions\redhat.java-0.19.0\server\config_win\org.eclipse.osgi\23\0\.cp\jWinHttp-1.0.0.dll
0x00007ffe13f80000 - 0x00007ffe140c9000 	C:\Windows\System32\ole32.dll
0x00007ffe05410000 - 0x00007ffe054ee000 	C:\Windows\SYSTEM32\WINHTTP.dll
0x000000005fe60000 - 0x000000005fe84000 	C:\Program Files\Java\jdk1.8.0_152\jre\bin\sunec.dll
0x000000005fe50000 - 0x000000005fe5b000 	C:\Program Files\Java\jdk1.8.0_152\jre\bin\sunmscapi.dll
0x00007ffe10770000 - 0x00007ffe1093e000 	C:\Windows\System32\CRYPT32.dll
0x00007ffe10450000 - 0x00007ffe10462000 	C:\Windows\System32\MSASN1.dll
0x00007ffe0fab0000 - 0x00007ffe0fb66000 	C:\Windows\SYSTEM32\DNSAPI.dll
0x0000000061530000 - 0x0000000061556000 	C:\Program Files\Bonjour\mdnsNSP.dll
0x00007ffe04d60000 - 0x00007ffe04d6a000 	C:\Windows\System32\rasadhlp.dll
0x00007ffe05320000 - 0x00007ffe05390000 	C:\Windows\System32\fwpuclnt.dll

VM Arguments:
jvm_args: -Declipse.application=org.eclipse.jdt.ls.core.id1 -Dosgi.bundles.defaultStartLevel=4 -Declipse.product=org.eclipse.jdt.ls.core.product -Xverify:none -Xmx1G -XX:+UseG1GC -XX:+UseStringDeduplication 
java_command: C:\Users\hriqu\.vscode\extensions\redhat.java-0.19.0\server\plugins\org.eclipse.equinox.launcher_1.5.0.v20180119-0753.jar -configuration C:\Users\hriqu\.vscode\extensions\redhat.java-0.19.0\server\config_win -data C:\Users\hriqu\AppData\Roaming\Code\User\workspaceStorage\135a32029a13d10ac8f079245a2501c0\redhat.java\jdt_ws
java_class_path (initial): C:\Users\hriqu\.vscode\extensions\redhat.java-0.19.0\server\plugins\org.eclipse.equinox.launcher_1.5.0.v20180119-0753.jar
Launcher Type: SUN_STANDARD

Environment Variables:
JAVA_HOME=C:\Program Files\Java\jdk1.8.0_152
PATH=C:\ProgramData\Oracle\Java\javapath;C:\Windows\system32;C:\Windows;C:\Windows\System32\Wbem;C:\Windows\System32\WindowsPowerShell\v1.0\;C:\xampp\php;C:\ProgramData\ComposerSetup\bin;C:\Program Files\Git\cmd;C:\Program Files\Java\jdk1.8.0_152\bin;C:\Program Files\apache-maven-3.5.2\bin;C:\Program Files\apache-maven-3.5.2\bin;C:\Gradle\gradle-4.4.1\bin;C:\android;C:\Program Files\nodejs\;C:\Users\hriqu\AppData\Local\Microsoft\WindowsApps;C:\Users\hriqu\AppData\Roaming\Composer\vendor\bin;C:\Users\hriqu\AppData\Local\atom\bin;C:\Program Files\Microsoft VS Code\bin;C:\spring-1.5.9.RELEASE\bin;C:\Users\hriqu\AppData\Roaming\npm;C:\Program Files\Heroku\bin
USERNAME=hriqu
OS=Windows_NT
PROCESSOR_IDENTIFIER=Intel64 Family 6 Model 142 Stepping 9, GenuineIntel



---------------  S Y S T E M  ---------------

OS: Windows 10.0 , 64 bit Build 16299 (10.0.16299.15)

CPU:total 4 (initial active 4) (2 cores per cpu, 2 threads per core) family 6 model 142 stepping 9, cmov, cx8, fxsr, mmx, sse, sse2, sse3, ssse3, sse4.1, sse4.2, popcnt, avx, avx2, aes, clmul, erms, 3dnowpref, lzcnt, ht, tsc, tscinvbit, bmi1, bmi2, adx

Memory: 4k page, physical 10662120k(1205348k free), swap 10662120k(6740k free)

vm_info: Java HotSpot(TM) 64-Bit Server VM (25.152-b16) for windows-amd64 JRE (1.8.0_152-b16), built on Sep 14 2017 02:29:36 by "java_re" with MS VC++ 10.0 (VS2010)

time: Fri Feb 23 12:44:59 2018
elapsed time: 7219 seconds (0d 2h 0m 19s)

